{
  "RSpec": {
    "coverage": {
      "/Users/makersacademy24/Projects/airport_challenge/spec/airport_spec.rb": [
        null,
        null,
        null,
        null,
        null,
        null,
        null,
        null,
        1,
        null,
        1,
        null,
        1,
        null,
        2,
        2,
        null,
        1,
        1,
        2,
        2,
        1,
        1,
        null,
        null,
        null,
        null,
        null,
        null,
        null,
        null,
        null,
        1,
        null,
        1,
        8,
        7,
        2,
        null,
        null,
        null,
        1,
        null,
        null,
        null,
        null,
        null,
        null,
        null,
        1,
        1,
        2,
        2,
        null,
        null,
        null
      ],
      "/Users/makersacademy24/Projects/airport_challenge/lib/airport.rb": [
        1,
        null,
        1,
        1,
        null,
        1,
        8,
        8,
        null,
        null,
        1,
        1,
        null,
        null,
        1,
        null,
        1,
        null,
        null,
        null,
        1,
        null,
        null,
        1,
        17,
        17,
        1,
        16,
        null,
        2,
        null,
        null,
        null,
        null,
        null,
        14,
        14,
        null,
        null,
        null,
        1,
        0,
        0,
        0,
        null,
        null,
        null,
        null
      ],
      "/Users/makersacademy24/Projects/airport_challenge/lib/plane.rb": [
        null,
        1,
        null,
        1,
        1,
        1,
        21,
        null,
        null,
        1,
        2,
        null,
        null,
        1,
        14,
        null,
        null,
        null,
        null
      ],
      "/Users/makersacademy24/Projects/airport_challenge/spec/feature/grand_finale_spec.rb": [
        1,
        1,
        1,
        null,
        1,
        null,
        3,
        4,
        null,
        null,
        null,
        1,
        1,
        null,
        null,
        1,
        2,
        1,
        1,
        1,
        null,
        null,
        1,
        1,
        1,
        1,
        null,
        null,
        1,
        1,
        8,
        7,
        2,
        null,
        null,
        1,
        null,
        null,
        1,
        null,
        null,
        null
      ],
      "/Users/makersacademy24/Projects/airport_challenge/spec/plane_spec.rb": [
        null,
        null,
        null,
        null,
        null,
        null,
        null,
        null,
        null,
        null,
        null,
        1,
        null,
        1,
        null,
        1,
        null,
        1,
        1,
        1,
        null,
        null,
        1,
        1,
        1,
        null,
        null,
        null,
        1,
        1,
        1,
        null,
        null,
        null,
        null,
        null
      ]
    },
    "timestamp": 1430902555
  }
}
